<?xml version="1.0" encoding="UTF-8"?>
<!-- Generated by org.testng.reporters.JUnitReportReporter -->
<testsuite hostname="LAPTOP-U50S12S3" failures="0" tests="1" name="test.com.place.CalculatorTest" time="0.003" errors="0" timestamp="1 Jun 2024 16:29:03 GMT">
  <testcase classname="test.com.place.CalculatorTest" name="testAdd" time="0.003"/>
</testsuite> <!-- test.com.place.CalculatorTest -->
